<?xml version="1.0" encoding="UTF-8"?>
<!-- Generated by org.testng.reporters.JUnitXMLReporter -->
<testsuite hostname="DESKTOP-A6IQGUP" ignored="0" name="Test" tests="1" failures="0" timestamp="07 Sep 2018 06:11:09 GMT" time="0.074" errors="0">
  <testcase name="@BeforeMethod launch" time="0.0" classname="library.BaseTest">
    <failure type="org.testng.TestNGException" message="
Method launch requires 2 parameters but 1 were supplied in the BeforeMethod annotation.">
      <![CDATA[org.testng.TestNGException: 
Method launch requires 2 parameters but 1 were supplied in the BeforeMethod annotation.
... Removed 25 stack frames]]>
    </failure>
  </testcase> <!-- @BeforeMethod launch -->
  <testcase name="@AfterMethod closeBrowser" time="0.005" classname="library.BaseTest">
    <failure type="java.lang.NullPointerException">
      <![CDATA[java.lang.NullPointerException
at library.BaseTest.closeBrowser(BaseTest.java:52)
... Removed 28 stack frames]]>
    </failure>
  </testcase> <!-- @AfterMethod closeBrowser -->
  <testcase name="SearchFb" time="0.0" classname="scripttest.FacebookTest">
    <skipped/>
  </testcase> <!-- SearchFb -->
</testsuite> <!-- Test -->
